[C:/Users/강민우/Desktop/test-web-down/choebyeonlawfirm/backblue.gif]
[C:/Users/강민우/Desktop/test-web-down/choebyeonlawfirm/fade.gif]
[C:/Users/강민우/Desktop/test-web-down/choebyeonlawfirm/index.html]
[C:/Users/강민우/Desktop/test-web-down/choebyeonlawfirm/cdn.imweb.me/upload/S20250306fbad79bbe35f5/0bab4ea8dd563.png]
[C:/Users/강민우/Desktop/test-web-down/choebyeonlawfirm/cdn.imweb.me/thumbnail/20250329/8df6a37105e48.png]
[C:/Users/강민우/Desktop/test-web-down/choebyeonlawfirm/cdn.imweb.me/thumbnail/20250329/7b90ccb876aad.png]
[C:/Users/강민우/Desktop/test-web-down/choebyeonlawfirm/cdn.imweb.me/thumbnail/20250329/7084b6d17739e.png]
[C:/Users/강민우/Desktop/test-web-down/choebyeonlawfirm/cdn.imweb.me/thumbnail/20250329/9d91fddccb5a7.png]
[C:/Users/강민우/Desktop/test-web-down/choebyeonlawfirm/vendor-cdn.imweb.me/js/jquerya558.js]
[C:/Users/강민우/Desktop/test-web-down/choebyeonlawfirm/vendor-cdn.imweb.me/js/jquery-ui.designb253.js]
[C:/Users/강민우/Desktop/test-web-down/choebyeonlawfirm/vendor-cdn.imweb.me/js/lodash.mind91c.js]
[C:/Users/강민우/Desktop/test-web-down/choebyeonlawfirm/vendor-cdn.imweb.me/external/npm/vue@3/dist/vue.global.prod.js]
[C:/Users/강민우/Desktop/test-web-down/choebyeonlawfirm/vendor-cdn.imweb.me/js/axios.min3f46.js]
[C:/Users/강민우/Desktop/test-web-down/choebyeonlawfirm/vendor-cdn.imweb.me/js/sentry-bundle-9.12.0.mine0be.js]
[C:/Users/강민우/Desktop/test-web-down/choebyeonlawfirm/vendor-cdn.imweb.me/js/sentry-multiplexedtransport-9.12.0.mine0be.js]
[C:/Users/강민우/Desktop/test-web-down/choebyeonlawfirm/vendor-cdn.imweb.me/js/sentry-modulemetadata-9.12.0.mine0be.js]
[C:/Users/강민우/Desktop/test-web-down/choebyeonlawfirm/choebyeonlawfirm.co.kr/js/init_sentry0caf.js]
[C:/Users/강민우/Desktop/test-web-down/choebyeonlawfirm/choebyeonlawfirm.co.kr/js/imweb_external_sdka224.js]
[C:/Users/강민우/Desktop/test-web-down/choebyeonlawfirm/t1.daumcdn.net/mapjsapi/bundle/postcode/prod/postcode.v2.js]
[C:/Users/강민우/Desktop/test-web-down/choebyeonlawfirm/player.vimeo.com/api/player.js]
[C:/Users/강민우/Desktop/test-web-down/choebyeonlawfirm/choebyeonlawfirm.co.kr/common/img/default_profile.png]
[C:/Users/강민우/Desktop/test-web-down/choebyeonlawfirm/cdn.imweb.me/thumbnail/20250907/59a0d7d7386d4.jpg]
[C:/Users/강민우/Desktop/test-web-down/choebyeonlawfirm/cdn.imweb.me/thumbnail/20250907/2f2549917d60a.jpg]
[C:/Users/강민우/Desktop/test-web-down/choebyeonlawfirm/cdn.imweb.me/thumbnail/20250328/79e2cd78ae383.jpg]
[C:/Users/강민우/Desktop/test-web-down/choebyeonlawfirm/cdn.imweb.me/thumbnail/20250329/7a42c3d65ab4e.jpg]
[C:/Users/강민우/Desktop/test-web-down/choebyeonlawfirm/cdn.imweb.me/thumbnail/20250329/3c89d5315bbaa.jpg]
[C:/Users/강민우/Desktop/test-web-down/choebyeonlawfirm/cdn.imweb.me/thumbnail/20250329/4ac32c6eabdc0.jpg]
[C:/Users/강민우/Desktop/test-web-down/choebyeonlawfirm/cdn.imweb.me/thumbnail/20250331/d6ad692b8830e.jpg]
[C:/Users/강민우/Desktop/test-web-down/choebyeonlawfirm/cdn.imweb.me/thumbnail/20250331/8ac6da7d18c35.jpg]
[C:/Users/강민우/Desktop/test-web-down/choebyeonlawfirm/cdn.imweb.me/thumbnail/20250331/251d32d1c72a4.jpg]
[C:/Users/강민우/Desktop/test-web-down/choebyeonlawfirm/cdn.imweb.me/thumbnail/20250329/815676bbaab6e.jpg]
[C:/Users/강민우/Desktop/test-web-down/choebyeonlawfirm/cdn.imweb.me/thumbnail/20250329/af3aacded9360.jpg]
[C:/Users/강민우/Desktop/test-web-down/choebyeonlawfirm/cdn.imweb.me/thumbnail/20250307/4befb45267be5.jpg]
[C:/Users/강민우/Desktop/test-web-down/choebyeonlawfirm/cdn.imweb.me/thumbnail/20250307/3abc21889faf3.jpg]
[C:/Users/강민우/Desktop/test-web-down/choebyeonlawfirm/cdn.imweb.me/thumbnail/20250307/84a0494b0cefa.jpg]
[C:/Users/강민우/Desktop/test-web-down/choebyeonlawfirm/cdn.imweb.me/thumbnail/20250307/dccea5cf122ff.jpg]
[C:/Users/강민우/Desktop/test-web-down/choebyeonlawfirm/cdn.imweb.me/thumbnail/20250329/18dbb5457674c.jpg]
[C:/Users/강민우/Desktop/test-web-down/choebyeonlawfirm/cdn.imweb.me/thumbnail/20250329/4c4462f44326b.jpg]
[C:/Users/강민우/Desktop/test-web-down/choebyeonlawfirm/cdn.imweb.me/thumbnail/20250307/16e2f440d43d5.jpg]
[C:/Users/강민우/Desktop/test-web-down/choebyeonlawfirm/cdn.imweb.me/thumbnail/20250307/579fbba224f8c.jpg]
[C:/Users/강민우/Desktop/test-web-down/choebyeonlawfirm/cdn.imweb.me/thumbnail/20250307/0a1df2c6ab31d.jpg]
[C:/Users/강민우/Desktop/test-web-down/choebyeonlawfirm/cdn.imweb.me/thumbnail/20250307/af2dbbc38096e.jpg]
[C:/Users/강민우/Desktop/test-web-down/choebyeonlawfirm/cdn.imweb.me/thumbnail/20250331/c4848f34736f4.jpg]
[C:/Users/강민우/Desktop/test-web-down/choebyeonlawfirm/cdn.imweb.me/thumbnail/20250331/806b55da5b890.jpg]
[C:/Users/강민우/Desktop/test-web-down/choebyeonlawfirm/cdn.imweb.me/thumbnail/20250331/5ed4226888dec.jpg]
[C:/Users/강민우/Desktop/test-web-down/choebyeonlawfirm/cdn.imweb.me/thumbnail/20250331/8be265636323a.jpg]
[C:/Users/강민우/Desktop/test-web-down/choebyeonlawfirm/cdn.imweb.me/thumbnail/20250329/0e91ca4593210.jpg]
[C:/Users/강민우/Desktop/test-web-down/choebyeonlawfirm/cdn.imweb.me/thumbnail/20250329/ba7443f12b140.jpg]
[C:/Users/강민우/Desktop/test-web-down/choebyeonlawfirm/cdn.imweb.me/thumbnail/20250328/d871b3ad5b1bd.jpg]
[C:/Users/강민우/Desktop/test-web-down/choebyeonlawfirm/cdn.imweb.me/thumbnail/20250329/c511ac35f3f6d.jpg]
[C:/Users/강민우/Desktop/test-web-down/choebyeonlawfirm/cdn.imweb.me/thumbnail/20250907/d4e53545391e2.jpg]
[C:/Users/강민우/Desktop/test-web-down/choebyeonlawfirm/vendor-cdn.imweb.me/js/bootstrap.min2bcc.js]
[C:/Users/강민우/Desktop/test-web-down/choebyeonlawfirm/vendor-cdn.imweb.me/js/jquery.fileupload98f3.js]
[C:/Users/강민우/Desktop/test-web-down/choebyeonlawfirm/vendor-cdn.imweb.me/js/jquery.lazyload.min98f3.js]
[C:/Users/강민우/Desktop/test-web-down/choebyeonlawfirm/choebyeonlawfirm.co.kr/js/localize/KR_KRW_currency4cbc.js]
[C:/Users/강민우/Desktop/test-web-down/choebyeonlawfirm/choebyeonlawfirm.co.kr/js/brandscope21dc.js]
[C:/Users/강민우/Desktop/test-web-down/choebyeonlawfirm/vendor-cdn.imweb.me/js/commonec0d.js]
[C:/Users/강민우/Desktop/test-web-down/choebyeonlawfirm/vendor-cdn.imweb.me/js/im_componentc0ee.js]
[C:/Users/강민우/Desktop/test-web-down/choebyeonlawfirm/vendor-cdn.imweb.me/js/site_common447e.js]
[C:/Users/강민우/Desktop/test-web-down/choebyeonlawfirm/vendor-cdn.imweb.me/js/imagesloaded.pkgd.min98f3.js]
[C:/Users/강민우/Desktop/test-web-down/choebyeonlawfirm/vendor-cdn.imweb.me/js/jquery.smooth-scroll.min98f3.js]
[C:/Users/강민우/Desktop/test-web-down/choebyeonlawfirm/vendor-cdn.imweb.me/js/gambit-smoothscroll-min98f3.js]
[C:/Users/강민우/Desktop/test-web-down/choebyeonlawfirm/vendor-cdn.imweb.me/js/ThreeCanvasd439.js]
[C:/Users/강민우/Desktop/test-web-down/choebyeonlawfirm/vendor-cdn.imweb.me/js/snowd439.js]
[C:/Users/강민우/Desktop/test-web-down/choebyeonlawfirm/vendor-cdn.imweb.me/js/masonry.pkgd.min98f3.js]
[C:/Users/강민우/Desktop/test-web-down/choebyeonlawfirm/vendor-cdn.imweb.me/js/lightgallery-all.min4a26.js]
[C:/Users/강민우/Desktop/test-web-down/choebyeonlawfirm/vendor-cdn.imweb.me/js/bootstrap.slide-menu98f3.js]
[C:/Users/강민우/Desktop/test-web-down/choebyeonlawfirm/vendor-cdn.imweb.me/js/bootstrap.slide-menu-alarm98f3.js]
[C:/Users/강민우/Desktop/test-web-down/choebyeonlawfirm/vendor-cdn.imweb.me/js/bootstrap-hover-dropdown.min98f3.js]
[C:/Users/강민우/Desktop/test-web-down/choebyeonlawfirm/vendor-cdn.imweb.me/js/jquery-scrolltofixed79bd.js]
[C:/Users/강민우/Desktop/test-web-down/choebyeonlawfirm/vendor-cdn.imweb.me/js/jquery.trackpad-scroll-emulator98f3.js]
[C:/Users/강민우/Desktop/test-web-down/choebyeonlawfirm/vendor-cdn.imweb.me/js/modernizr.custom98f3.js]
[C:/Users/강민우/Desktop/test-web-down/choebyeonlawfirm/vendor-cdn.imweb.me/js/classie98f3.js]
[C:/Users/강민우/Desktop/test-web-down/choebyeonlawfirm/vendor-cdn.imweb.me/js/jquery.exif98f3.js]
[C:/Users/강민우/Desktop/test-web-down/choebyeonlawfirm/vendor-cdn.imweb.me/js/jquery.canvasResize98f3.js]
[C:/Users/강민우/Desktop/test-web-down/choebyeonlawfirm/vendor-cdn.imweb.me/js/autosize98f3.js]
[C:/Users/강민우/Desktop/test-web-down/choebyeonlawfirm/vendor-cdn.imweb.me/js/owl.carousel21338.js]
[C:/Users/강민우/Desktop/test-web-down/choebyeonlawfirm/vendor-cdn.imweb.me/js/slick.min98f3.js]
[C:/Users/강민우/Desktop/test-web-down/choebyeonlawfirm/choebyeonlawfirm.co.kr/js/preview_modebbdb.js]
[C:/Users/강민우/Desktop/test-web-down/choebyeonlawfirm/choebyeonlawfirm.co.kr/js/siteb448.js]
[C:/Users/강민우/Desktop/test-web-down/choebyeonlawfirm/choebyeonlawfirm.co.kr/js/site_member997b.js]
[C:/Users/강민우/Desktop/test-web-down/choebyeonlawfirm/choebyeonlawfirm.co.kr/js/mobile_menu8e73.js]
[C:/Users/강민우/Desktop/test-web-down/choebyeonlawfirm/choebyeonlawfirm.co.kr/js/sns_share6943.js]
[C:/Users/강민우/Desktop/test-web-down/choebyeonlawfirm/choebyeonlawfirm.co.kr/js/android_image_upload9fbd.js]
[C:/Users/강민우/Desktop/test-web-down/choebyeonlawfirm/choebyeonlawfirm.co.kr/js/alarm_menu1712.js]
[C:/Users/강민우/Desktop/test-web-down/choebyeonlawfirm/choebyeonlawfirm.co.kr/js/alarm_badge01f7.js]
[C:/Users/강민우/Desktop/test-web-down/choebyeonlawfirm/choebyeonlawfirm.co.kr/js/one_page7142.js]
[C:/Users/강민우/Desktop/test-web-down/choebyeonlawfirm/choebyeonlawfirm.co.kr/js/site_coupon1403.js]
[C:/Users/강민우/Desktop/test-web-down/choebyeonlawfirm/choebyeonlawfirm.co.kr/js/secret_article5e60.js]
[C:/Users/강민우/Desktop/test-web-down/choebyeonlawfirm/choebyeonlawfirm.co.kr/js/article_reactionc0ba.js]
[C:/Users/강민우/Desktop/test-web-down/choebyeonlawfirm/choebyeonlawfirm.co.kr/js/site_shop0e3b.js]
[C:/Users/강민우/Desktop/test-web-down/choebyeonlawfirm/choebyeonlawfirm.co.kr/js/board_common738a.js]
[C:/Users/강민우/Desktop/test-web-down/choebyeonlawfirm/choebyeonlawfirm.co.kr/js/site_shop_mypage4085.js]
[C:/Users/강민우/Desktop/test-web-down/choebyeonlawfirm/choebyeonlawfirm.co.kr/js/site_search347e.js]
[C:/Users/강민우/Desktop/test-web-down/choebyeonlawfirm/choebyeonlawfirm.co.kr/js/zipcode_daumb682.js]
[C:/Users/강민우/Desktop/test-web-down/choebyeonlawfirm/choebyeonlawfirm.co.kr/js/site_booking4b2f.js]
[C:/Users/강민우/Desktop/test-web-down/choebyeonlawfirm/choebyeonlawfirm.co.kr/js/site_sectionb061.js]
[C:/Users/강민우/Desktop/test-web-down/choebyeonlawfirm/vendor-cdn.imweb.me/js/jquery.number.min98f3.js]
[C:/Users/강민우/Desktop/test-web-down/choebyeonlawfirm/vendor-cdn.imweb.me/js/nprogress98f3.js]
[C:/Users/강민우/Desktop/test-web-down/choebyeonlawfirm/vendor-cdn.imweb.me/js/tinycolor-min98f3.js]
[C:/Users/강민우/Desktop/test-web-down/choebyeonlawfirm/choebyeonlawfirm.co.kr/js/app3d23.js]
[C:/Users/강민우/Desktop/test-web-down/choebyeonlawfirm/choebyeonlawfirm.co.kr/js/header_fixed_menu9092.js]
[C:/Users/강민우/Desktop/test-web-down/choebyeonlawfirm/choebyeonlawfirm.co.kr/js/header_more_menu65b2.js]
[C:/Users/강민우/Desktop/test-web-down/choebyeonlawfirm/choebyeonlawfirm.co.kr/js/header_center_colgroup2d7c.js]
[C:/Users/강민우/Desktop/test-web-down/choebyeonlawfirm/choebyeonlawfirm.co.kr/js/mobile_carousel_menu9529.js]
[C:/Users/강민우/Desktop/test-web-down/choebyeonlawfirm/choebyeonlawfirm.co.kr/js/header_mega_dropdown5e5e.js]
[C:/Users/강민우/Desktop/test-web-down/choebyeonlawfirm/choebyeonlawfirm.co.kr/js/header_overlay3d23.js]
[C:/Users/강민우/Desktop/test-web-down/choebyeonlawfirm/choebyeonlawfirm.co.kr/js/site_log6a6b.js]
[C:/Users/강민우/Desktop/test-web-down/choebyeonlawfirm/choebyeonlawfirm.co.kr/js/advanced_trace24e5.js]
[C:/Users/강민우/Desktop/test-web-down/choebyeonlawfirm/choebyeonlawfirm.co.kr/js/site_animationcdb1.js]
[C:/Users/강민우/Desktop/test-web-down/choebyeonlawfirm/choebyeonlawfirm.co.kr/js/site_event_check8194.js]
[C:/Users/강민우/Desktop/test-web-down/choebyeonlawfirm/choebyeonlawfirm.co.kr/js/site_widgetbd0e.js]
[C:/Users/강민우/Desktop/test-web-down/choebyeonlawfirm/vendor-cdn.imweb.me/js/moment.min7b42.js]
[C:/Users/강민우/Desktop/test-web-down/choebyeonlawfirm/vendor-cdn.imweb.me/js/moment-with-locales98f3.js]
[C:/Users/강민우/Desktop/test-web-down/choebyeonlawfirm/vendor-cdn.imweb.me/js/bootstrap-datepicker7e4f.js]
[C:/Users/강민우/Desktop/test-web-down/choebyeonlawfirm/vendor-cdn.imweb.me/js/jquery.timepicker.min98f3.js]
[C:/Users/강민우/Desktop/test-web-down/choebyeonlawfirm/vendor-cdn.imweb.me/js/ie-checker-min98f3.js]
[C:/Users/강민우/Desktop/test-web-down/choebyeonlawfirm/choebyeonlawfirm.co.kr/js/channel_plugin7774.js]
[C:/Users/강민우/Desktop/test-web-down/choebyeonlawfirm/vendor-cdn.imweb.me/js/jquery.chosen5750.js]
[C:/Users/강민우/Desktop/test-web-down/choebyeonlawfirm/choebyeonlawfirm.co.kr/js/device_uuid6be1.js]
[C:/Users/강민우/Desktop/test-web-down/choebyeonlawfirm/choebyeonlawfirm.co.kr/js/recent_productbf39.js]
[C:/Users/강민우/Desktop/test-web-down/choebyeonlawfirm/wcs.naver.net/wcslog.js]
[C:/Users/강민우/Desktop/test-web-down/choebyeonlawfirm/vendor-cdn.imweb.me/dist/oms-shop-bridge/oms-shop-bridge.iife08aa.js]
[C:/Users/강민우/Desktop/test-web-down/choebyeonlawfirm/choebyeonlawfirm.co.kr/_/oms-customer-front-office/app.js]
[C:/Users/강민우/Desktop/test-web-down/choebyeonlawfirm/static-cdn.crm.imweb.me/sdk/main.min.js]
[C:/Users/강민우/Desktop/test-web-down/choebyeonlawfirm/choebyeonlawfirm.co.kr/js/image1a78.js]
[C:/Users/강민우/Desktop/test-web-down/choebyeonlawfirm/choebyeonlawfirm.co.kr/js/gallery74da.js]
[C:/Users/강민우/Desktop/test-web-down/choebyeonlawfirm/vendor-cdn.imweb.me/js/froogaloop2.min98f3.js]
[C:/Users/강민우/Desktop/test-web-down/choebyeonlawfirm/choebyeonlawfirm.co.kr/js/newest_postf3d4.js]
[C:/Users/강민우/Desktop/test-web-down/choebyeonlawfirm/choebyeonlawfirm.co.kr/js/site_form84a9.js]
[C:/Users/강민우/Desktop/test-web-down/choebyeonlawfirm/choebyeonlawfirm.co.kr/index.html]
[C:/Users/강민우/Desktop/test-web-down/choebyeonlawfirm/external.html]
[C:/Users/강민우/Desktop/test-web-down/choebyeonlawfirm/vendor-cdn.imweb.me/minify_css/vendor_blue_10fd67.css]
[C:/Users/강민우/Desktop/test-web-down/choebyeonlawfirm/vendor-cdn.imweb.me/minify_css/vendor_red_10fd67.css]
[C:/Users/강민우/Desktop/test-web-down/choebyeonlawfirm/vendor-cdn.imweb.me/css/im_componenta183.css]
[C:/Users/강민우/Desktop/test-web-down/choebyeonlawfirm/vendor-cdn.imweb.me/css/site/alarm_menu1e8d.css]
[C:/Users/강민우/Desktop/test-web-down/choebyeonlawfirm/vendor-cdn.imweb.me/css/function9092.css]
[C:/Users/강민우/Desktop/test-web-down/choebyeonlawfirm/vendor-cdn.imweb.me/images/admin/design/ico_spinner.png]
[C:/Users/강민우/Desktop/test-web-down/choebyeonlawfirm/vendor-cdn.imweb.me/images/site/nav-logout-offe378.png]
[C:/Users/강민우/Desktop/test-web-down/choebyeonlawfirm/vendor-cdn.imweb.me/images/site/nav-logoutc65e.png]
[C:/Users/강민우/Desktop/test-web-down/choebyeonlawfirm/vendor-cdn.imweb.me/images/site/widget_add_icon3b38.png]
[C:/Users/강민우/Desktop/test-web-down/choebyeonlawfirm/vendor-cdn.imweb.me/images/site/file_icon5427.png]
[C:/Users/강민우/Desktop/test-web-down/choebyeonlawfirm/vendor-cdn.imweb.me/images/common/play_icon.png]
[C:/Users/강민우/Desktop/test-web-down/choebyeonlawfirm/vendor-cdn.imweb.me/images/site/social_icon3.png]
[C:/Users/강민우/Desktop/test-web-down/choebyeonlawfirm/vendor-cdn.imweb.me/images/site/social_icon.png]
[C:/Users/강민우/Desktop/test-web-down/choebyeonlawfirm/vendor-cdn.imweb.me/images/site/ico_confirm.png]
[C:/Users/강민우/Desktop/test-web-down/choebyeonlawfirm/vendor-cdn.imweb.me/images/site/profile_icon35e4.png]
[C:/Users/강민우/Desktop/test-web-down/choebyeonlawfirm/vendor-cdn.imweb.me/images/site/btn_widget_iconced0.png]
[C:/Users/강민우/Desktop/test-web-down/choebyeonlawfirm/vendor-cdn.imweb.me/images/site/img_empty_state42d3.png]
[C:/Users/강민우/Desktop/test-web-down/choebyeonlawfirm/vendor-cdn.imweb.me/images/site/logo_doznut8177.png]
[C:/Users/강민우/Desktop/test-web-down/choebyeonlawfirm/vendor-cdn.imweb.me/images/site/traffic2204.png]
[C:/Users/강민우/Desktop/test-web-down/choebyeonlawfirm/vendor-cdn.imweb.me/images/site/round-check-offf46a.png]
[C:/Users/강민우/Desktop/test-web-down/choebyeonlawfirm/vendor-cdn.imweb.me/images/site/round-check-on24d1.png]
[C:/Users/강민우/Desktop/test-web-down/choebyeonlawfirm/vendor-cdn.imweb.me/css/site/site708b.css]
[C:/Users/강민우/Desktop/test-web-down/choebyeonlawfirm/vendor-cdn.imweb.me/images/pc_npay_talk.png]
[C:/Users/강민우/Desktop/test-web-down/choebyeonlawfirm/vendor-cdn.imweb.me/images/pc_kakaopay_wish.png]
[C:/Users/강민우/Desktop/test-web-down/choebyeonlawfirm/vendor-cdn.imweb.me/images/logo_kakao_channel.png]
[C:/Users/강민우/Desktop/test-web-down/choebyeonlawfirm/vendor-cdn.imweb.me/images/site/m_option_close_btn.png]
[C:/Users/강민우/Desktop/test-web-down/choebyeonlawfirm/vendor-cdn.imweb.me/css/site/site2dc10.css]
[C:/Users/강민우/Desktop/test-web-down/choebyeonlawfirm/vendor-cdn.imweb.me/css/site/iefix27b18.css]
[C:/Users/강민우/Desktop/test-web-down/choebyeonlawfirm/vendor-cdn.imweb.me/css/animate6c3e.css]
[C:/Users/강민우/Desktop/test-web-down/choebyeonlawfirm/vendor-cdn.imweb.me/images/chosen/chosen-sprite.png]
[C:/Users/강민우/Desktop/test-web-down/choebyeonlawfirm/vendor-cdn.imweb.me/images/chosen/chosen-sprite@2x.png]
[C:/Users/강민우/Desktop/test-web-down/choebyeonlawfirm/vendor-cdn.imweb.me/css/chosen4863.css]
[C:/Users/강민우/Desktop/test-web-down/choebyeonlawfirm/vendor-cdn.imweb.me/css/chosenImage4e9c.css]
[C:/Users/강민우/Desktop/test-web-down/choebyeonlawfirm/vendor-cdn.imweb.me/fonts/im-icon/fonts/im-icon7d84.eot]
[C:/Users/강민우/Desktop/test-web-down/choebyeonlawfirm/vendor-cdn.imweb.me/fonts/im-icon/fonts/im-icon7d84.ttf]
[C:/Users/강민우/Desktop/test-web-down/choebyeonlawfirm/vendor-cdn.imweb.me/fonts/im-icon/fonts/im-icon7d84.woff]
[C:/Users/강민우/Desktop/test-web-down/choebyeonlawfirm/vendor-cdn.imweb.me/fonts/im-icon/style2cb4.css]
[C:/Users/강민우/Desktop/test-web-down/choebyeonlawfirm/vendor-cdn.imweb.me/fonts/phosphor/fonts/psifcdc.eot]
[C:/Users/강민우/Desktop/test-web-down/choebyeonlawfirm/vendor-cdn.imweb.me/fonts/phosphor/fonts/psifcdc.ttf]
[C:/Users/강민우/Desktop/test-web-down/choebyeonlawfirm/vendor-cdn.imweb.me/fonts/phosphor/fonts/psifcdc.woff]
[C:/Users/강민우/Desktop/test-web-down/choebyeonlawfirm/vendor-cdn.imweb.me/fonts/phosphor/style7e17.css]
[C:/Users/강민우/Desktop/test-web-down/choebyeonlawfirm/vendor-cdn.imweb.me/css/ii28bd.css]
[C:/Users/강민우/Desktop/test-web-down/choebyeonlawfirm/vendor-cdn.imweb.me/fonts/pretendard/web/variable/woff2/PretendardVariable.woff2]
[C:/Users/강민우/Desktop/test-web-down/choebyeonlawfirm/vendor-cdn.imweb.me/fonts/pretendard/web/variable/pretendardvariable3afe.css]
[C:/Users/강민우/Desktop/test-web-down/choebyeonlawfirm/vendor-cdn.imweb.me/fonts/pretendard/web/static/woff2/Pretendard-Black.woff2]
[C:/Users/강민우/Desktop/test-web-down/choebyeonlawfirm/vendor-cdn.imweb.me/fonts/pretendard/web/static/woff/Pretendard-Black.woff]
[C:/Users/강민우/Desktop/test-web-down/choebyeonlawfirm/vendor-cdn.imweb.me/fonts/pretendard/web/static/woff2/Pretendard-ExtraBold.woff2]
[C:/Users/강민우/Desktop/test-web-down/choebyeonlawfirm/vendor-cdn.imweb.me/fonts/pretendard/web/static/woff/Pretendard-ExtraBold.woff]
[C:/Users/강민우/Desktop/test-web-down/choebyeonlawfirm/vendor-cdn.imweb.me/fonts/pretendard/web/static/woff2/Pretendard-Bold.woff2]
[C:/Users/강민우/Desktop/test-web-down/choebyeonlawfirm/vendor-cdn.imweb.me/fonts/pretendard/web/static/woff/Pretendard-Bold.woff]
[C:/Users/강민우/Desktop/test-web-down/choebyeonlawfirm/vendor-cdn.imweb.me/fonts/pretendard/web/static/woff2/Pretendard-SemiBold.woff2]
[C:/Users/강민우/Desktop/test-web-down/choebyeonlawfirm/vendor-cdn.imweb.me/fonts/pretendard/web/static/woff/Pretendard-SemiBold.woff]
[C:/Users/강민우/Desktop/test-web-down/choebyeonlawfirm/vendor-cdn.imweb.me/fonts/pretendard/web/static/woff2/Pretendard-Medium.woff2]
[C:/Users/강민우/Desktop/test-web-down/choebyeonlawfirm/vendor-cdn.imweb.me/fonts/pretendard/web/static/woff/Pretendard-Medium.woff]
[C:/Users/강민우/Desktop/test-web-down/choebyeonlawfirm/vendor-cdn.imweb.me/fonts/pretendard/web/static/woff2/Pretendard-Regular.woff2]
[C:/Users/강민우/Desktop/test-web-down/choebyeonlawfirm/vendor-cdn.imweb.me/fonts/pretendard/web/static/woff/Pretendard-Regular.woff]
[C:/Users/강민우/Desktop/test-web-down/choebyeonlawfirm/vendor-cdn.imweb.me/fonts/pretendard/web/static/woff2/Pretendard-Light.woff2]
[C:/Users/강민우/Desktop/test-web-down/choebyeonlawfirm/vendor-cdn.imweb.me/fonts/pretendard/web/static/woff/Pretendard-Light.woff]
[C:/Users/강민우/Desktop/test-web-down/choebyeonlawfirm/vendor-cdn.imweb.me/fonts/pretendard/web/static/woff2/Pretendard-ExtraLight.woff2]
[C:/Users/강민우/Desktop/test-web-down/choebyeonlawfirm/vendor-cdn.imweb.me/fonts/pretendard/web/static/woff/Pretendard-ExtraLight.woff]
[C:/Users/강민우/Desktop/test-web-down/choebyeonlawfirm/vendor-cdn.imweb.me/fonts/pretendard/web/static/woff2/Pretendard-Thin.woff2]
[C:/Users/강민우/Desktop/test-web-down/choebyeonlawfirm/vendor-cdn.imweb.me/fonts/pretendard/web/static/woff/Pretendard-Thin.woff]
[C:/Users/강민우/Desktop/test-web-down/choebyeonlawfirm/vendor-cdn.imweb.me/fonts/pretendard/web/static/pretendard3afe.css]
[C:/Users/강민우/Desktop/test-web-down/choebyeonlawfirm/vendor-cdn.imweb.me/fonts/froala-emoji-tap/fonts/froala-emoji-tapbde6.eot]
[C:/Users/강민우/Desktop/test-web-down/choebyeonlawfirm/vendor-cdn.imweb.me/fonts/froala-emoji-tap/fonts/froala-emoji-tapbde6.ttf]
[C:/Users/강민우/Desktop/test-web-down/choebyeonlawfirm/vendor-cdn.imweb.me/fonts/froala-emoji-tap/fonts/froala-emoji-tapbde6.woff]
[C:/Users/강민우/Desktop/test-web-down/choebyeonlawfirm/vendor-cdn.imweb.me/fonts/froala-emoji-tap/style9fbd.css]
[C:/Users/강민우/Desktop/test-web-down/choebyeonlawfirm/vendor-cdn.imweb.me/images/naver_login2x.png]
[C:/Users/강민우/Desktop/test-web-down/choebyeonlawfirm/vendor-cdn.imweb.me/images/kakao_icon.png]
[C:/Users/강민우/Desktop/test-web-down/choebyeonlawfirm/vendor-cdn.imweb.me/images/google_icon.png]
[C:/Users/강민우/Desktop/test-web-down/choebyeonlawfirm/choebyeonlawfirm.co.kr/css/custom5ed4.css]
[C:/Users/강민우/Desktop/test-web-down/choebyeonlawfirm/vendor-cdn.imweb.me/images/main/price/free_new_bg.png]
[C:/Users/강민우/Desktop/test-web-down/choebyeonlawfirm/vendor-cdn.imweb.me/images/main/price/pro_new_bg.png]
[C:/Users/강민우/Desktop/test-web-down/choebyeonlawfirm/vendor-cdn.imweb.me/images/main/price/starter_new_bg.png]
[C:/Users/강민우/Desktop/test-web-down/choebyeonlawfirm/vendor-cdn.imweb.me/images/main/price/global_new_bg.png]
[C:/Users/강민우/Desktop/test-web-down/choebyeonlawfirm/vendor-cdn.imweb.me/images/admin/shopping/dropdown_arrow.png]
[C:/Users/강민우/Desktop/test-web-down/choebyeonlawfirm/vendor-cdn.imweb.me/css/tailwindec1b.css]
[C:/Users/강민우/Desktop/test-web-down/choebyeonlawfirm/vendor-cdn.imweb.me/css/emoji9fbd.css]
[C:/Users/강민우/Desktop/test-web-down/choebyeonlawfirm/vendor-cdn.imweb.me/css/font-awesome5.min6a29.css]
[C:/Users/강민우/Desktop/test-web-down/choebyeonlawfirm/choebyeonlawfirm.co.kr/_/oms-customer-front-office/style.css]
[C:/Users/강민우/Desktop/test-web-down/choebyeonlawfirm/choebyeonlawfirm.co.kr/js/brandscope.js]
[C:/Users/강민우/Desktop/test-web-down/choebyeonlawfirm/choebyeonlawfirm.co.kr/logout4d32.html]
[C:/Users/강민우/Desktop/test-web-down/choebyeonlawfirm/choebyeonlawfirm.co.kr/home.html]
[C:/Users/강민우/Desktop/test-web-down/choebyeonlawfirm/choebyeonlawfirm.co.kr/js/post2814.js]
[C:/Users/강민우/Desktop/test-web-down/choebyeonlawfirm/choebyeonlawfirm.co.kr/js/post_comment8d38.js]
[C:/Users/강민우/Desktop/test-web-down/choebyeonlawfirm/choebyeonlawfirm.co.kr/js/library_image8968.js]
[C:/Users/강민우/Desktop/test-web-down/choebyeonlawfirm/sstatic-g.rmcnmv.naver.net/resources/js/naver_web_player_ugc_min.js]
[C:/Users/강민우/Desktop/test-web-down/choebyeonlawfirm/choebyeonlawfirm.co.kr/case.html]
[C:/Users/강민우/Desktop/test-web-down/choebyeonlawfirm/choebyeonlawfirm.co.kr/inquiry.html]
[C:/Users/강민우/Desktop/test-web-down/choebyeonlawfirm/choebyeonlawfirm.co.kr/case-all.html]
[C:/Users/강민우/Desktop/test-web-down/choebyeonlawfirm/vendor-cdn.imweb.me/js/codemirror98f3.js]
[C:/Users/강민우/Desktop/test-web-down/choebyeonlawfirm/vendor-cdn.imweb.me/js/mode/xml/xml98f3.js]
[C:/Users/강민우/Desktop/test-web-down/choebyeonlawfirm/vendor-cdn.imweb.me/js/mode/javascript/javascript98f3.js]
[C:/Users/강민우/Desktop/test-web-down/choebyeonlawfirm/vendor-cdn.imweb.me/js/mode/css/css98f3.js]
[C:/Users/강민우/Desktop/test-web-down/choebyeonlawfirm/vendor-cdn.imweb.me/js/mode/htmlmixed/htmlmixed98f3.js]
[C:/Users/강민우/Desktop/test-web-down/choebyeonlawfirm/vendor-cdn.imweb.me/froala_311/js/froala_editor.min9823.js]
[C:/Users/강민우/Desktop/test-web-down/choebyeonlawfirm/vendor-cdn.imweb.me/froala_311/js/plugins/align.minc83a.js]
[C:/Users/강민우/Desktop/test-web-down/choebyeonlawfirm/vendor-cdn.imweb.me/froala_311/js/plugins/char_counter.minc83a.js]
[C:/Users/강민우/Desktop/test-web-down/choebyeonlawfirm/vendor-cdn.imweb.me/froala_311/js/plugins/code_beautifier.min05d7.js]
[C:/Users/강민우/Desktop/test-web-down/choebyeonlawfirm/vendor-cdn.imweb.me/froala_311/js/plugins/code_view.min40c2.js]
[C:/Users/강민우/Desktop/test-web-down/choebyeonlawfirm/vendor-cdn.imweb.me/froala_311/js/plugins/colors.min05d7.js]
[C:/Users/강민우/Desktop/test-web-down/choebyeonlawfirm/vendor-cdn.imweb.me/froala_311/js/plugins/draggable.min4a44.js]
[C:/Users/강민우/Desktop/test-web-down/choebyeonlawfirm/vendor-cdn.imweb.me/froala_311/js/plugins/emoticons.min9fbd.js]
[C:/Users/강민우/Desktop/test-web-down/choebyeonlawfirm/vendor-cdn.imweb.me/froala_311/js/plugins/entities.min4b2e.js]
[C:/Users/강민우/Desktop/test-web-down/choebyeonlawfirm/vendor-cdn.imweb.me/froala_311/js/plugins/file.min4b2e.js]
[C:/Users/강민우/Desktop/test-web-down/choebyeonlawfirm/vendor-cdn.imweb.me/froala_311/js/plugins/font_family.min4b2e.js]
[C:/Users/강민우/Desktop/test-web-down/choebyeonlawfirm/vendor-cdn.imweb.me/froala_311/js/plugins/font_size.min4b2e.js]
[C:/Users/강민우/Desktop/test-web-down/choebyeonlawfirm/vendor-cdn.imweb.me/froala_311/js/plugins/forms.min4b2e.js]
[C:/Users/강민우/Desktop/test-web-down/choebyeonlawfirm/vendor-cdn.imweb.me/froala_311/js/plugins/fullscreen.min4b2e.js]
[C:/Users/강민우/Desktop/test-web-down/choebyeonlawfirm/vendor-cdn.imweb.me/froala_311/js/plugins/image.min1ebb.js]
[C:/Users/강민우/Desktop/test-web-down/choebyeonlawfirm/vendor-cdn.imweb.me/froala_311/js/plugins/image_manager.min1ebb.js]
[C:/Users/강민우/Desktop/test-web-down/choebyeonlawfirm/vendor-cdn.imweb.me/froala_311/js/plugins/inline_style.minea29.js]
[C:/Users/강민우/Desktop/test-web-down/choebyeonlawfirm/vendor-cdn.imweb.me/froala_311/js/plugins/line_breaker.minea29.js]
[C:/Users/강민우/Desktop/test-web-down/choebyeonlawfirm/vendor-cdn.imweb.me/froala_311/js/plugins/link.minea29.js]
[C:/Users/강민우/Desktop/test-web-down/choebyeonlawfirm/vendor-cdn.imweb.me/froala_311/js/plugins/lists.min5ead.js]
[C:/Users/강민우/Desktop/test-web-down/choebyeonlawfirm/vendor-cdn.imweb.me/froala_311/js/plugins/paragraph_format.min5ead.js]
[C:/Users/강민우/Desktop/test-web-down/choebyeonlawfirm/vendor-cdn.imweb.me/froala_311/js/plugins/paragraph_style.min5ead.js]
[C:/Users/강민우/Desktop/test-web-down/choebyeonlawfirm/vendor-cdn.imweb.me/froala_311/js/plugins/quote.min5ead.js]
[C:/Users/강민우/Desktop/test-web-down/choebyeonlawfirm/vendor-cdn.imweb.me/froala_311/js/plugins/save.min5ead.js]
[C:/Users/강민우/Desktop/test-web-down/choebyeonlawfirm/vendor-cdn.imweb.me/froala_311/js/plugins/table.minbe8a.js]
[C:/Users/강민우/Desktop/test-web-down/choebyeonlawfirm/vendor-cdn.imweb.me/froala_311/js/plugins/url.minbe8a.js]
[C:/Users/강민우/Desktop/test-web-down/choebyeonlawfirm/vendor-cdn.imweb.me/froala_311/js/plugins/video.minb27c.js]
[C:/Users/강민우/Desktop/test-web-down/choebyeonlawfirm/vendor-cdn.imweb.me/froala_311/js/plugins/line_height.minea29.js]
[C:/Users/강민우/Desktop/test-web-down/choebyeonlawfirm/vendor-cdn.imweb.me/froala_311/js/third_party/font_awesome.mina952.js]
[C:/Users/강민우/Desktop/test-web-down/choebyeonlawfirm/vendor-cdn.imweb.me/froala_311/js/languages/kofadc.js]
[C:/Users/강민우/Desktop/test-web-down/choebyeonlawfirm/vendor-cdn.imweb.me/froala_311/js/languages/jafadc.js]
[C:/Users/강민우/Desktop/test-web-down/choebyeonlawfirm/vendor-cdn.imweb.me/froala_311/js/languages/zh_cnfadc.js]
[C:/Users/강민우/Desktop/test-web-down/choebyeonlawfirm/vendor-cdn.imweb.me/froala_311/js/languages/zh_twfadc.js]
[C:/Users/강민우/Desktop/test-web-down/choebyeonlawfirm/vendor-cdn.imweb.me/froala_311/js/languages/esfadc.js]
[C:/Users/강민우/Desktop/test-web-down/choebyeonlawfirm/vendor-cdn.imweb.me/froala_311/js/languages/vifadc.js]
[C:/Users/강민우/Desktop/test-web-down/choebyeonlawfirm/vendor-cdn.imweb.me/js/froala_with_emoticon3afe.js]
[C:/Users/강민우/Desktop/test-web-down/choebyeonlawfirm/choebyeonlawfirm.co.kr/case/indexa804.html]
[C:/Users/강민우/Desktop/test-web-down/choebyeonlawfirm/choebyeonlawfirm.co.kr/case/index0fc6.html]
[C:/Users/강민우/Desktop/test-web-down/choebyeonlawfirm/choebyeonlawfirm.co.kr/case/index26c2.html]
[C:/Users/강민우/Desktop/test-web-down/choebyeonlawfirm/cdn.imweb.me/thumbnail/20250331/f7316acc07a52.jpg]
[C:/Users/강민우/Desktop/test-web-down/choebyeonlawfirm/cdn.imweb.me/thumbnail/20250331/e76911a95a0d2.jpg]
[C:/Users/강민우/Desktop/test-web-down/choebyeonlawfirm/choebyeonlawfirm.co.kr/case/index3846.html]
[C:/Users/강민우/Desktop/test-web-down/choebyeonlawfirm/cdn.imweb.me/thumbnail/20250331/4082a8299fe88.jpg]
[C:/Users/강민우/Desktop/test-web-down/choebyeonlawfirm/cdn.imweb.me/thumbnail/20250331/2d1d075aa676a.jpg]
[C:/Users/강민우/Desktop/test-web-down/choebyeonlawfirm/choebyeonlawfirm.co.kr/case/indexc0b3.html]
[C:/Users/강민우/Desktop/test-web-down/choebyeonlawfirm/cdn.imweb.me/thumbnail/20250331/9e52ae89a8222.jpg]
[C:/Users/강민우/Desktop/test-web-down/choebyeonlawfirm/cdn.imweb.me/upload/S20250306fbad79bbe35f5/3172e4f2682aa.jpg]
[C:/Users/강민우/Desktop/test-web-down/choebyeonlawfirm/choebyeonlawfirm.co.kr/case/index4e10.html]
[C:/Users/강민우/Desktop/test-web-down/choebyeonlawfirm/choebyeonlawfirm.co.kr/index475f.html]
[C:/Users/강민우/Desktop/test-web-down/choebyeonlawfirm/choebyeonlawfirm.co.kr/index4d86.html]
[C:/Users/강민우/Desktop/test-web-down/choebyeonlawfirm/vendor-cdn.imweb.me/fonts/glyphicons-halflings-regular.svg]
[C:/Users/강민우/Desktop/test-web-down/choebyeonlawfirm/vendor-cdn.imweb.me/fonts/Plipop-Social-Icons1b26.svg]
[C:/Users/강민우/Desktop/test-web-down/choebyeonlawfirm/vendor-cdn.imweb.me/fonts/fontawesome-webfont3e6e.svg]
[C:/Users/강민우/Desktop/test-web-down/choebyeonlawfirm/vendor-cdn.imweb.me/fonts/fa-brands-400.svg]
[C:/Users/강민우/Desktop/test-web-down/choebyeonlawfirm/vendor-cdn.imweb.me/fonts/fa-regular-400.svg]
[C:/Users/강민우/Desktop/test-web-down/choebyeonlawfirm/vendor-cdn.imweb.me/fonts/fa-solid-900.svg]
[C:/Users/강민우/Desktop/test-web-down/choebyeonlawfirm/vendor-cdn.imweb.me/fonts/solid/BlackTie-Solid-webfonte209.svg]
[C:/Users/강민우/Desktop/test-web-down/choebyeonlawfirm/vendor-cdn.imweb.me/fonts/bold/BlackTie-Bold-webfonte209.svg]
[C:/Users/강민우/Desktop/test-web-down/choebyeonlawfirm/vendor-cdn.imweb.me/fonts/medium/BlackTie-Medium-webfonte209.svg]
[C:/Users/강민우/Desktop/test-web-down/choebyeonlawfirm/vendor-cdn.imweb.me/fonts/light/BlackTie-Light-webfonte209.svg]
[C:/Users/강민우/Desktop/test-web-down/choebyeonlawfirm/vendor-cdn.imweb.me/fonts/brands/FontAwesomeBrands-Regular-webfonte209.svg]
[C:/Users/강민우/Desktop/test-web-down/choebyeonlawfirm/vendor-cdn.imweb.me/fonts/simple-line-icons/Simple-Line-Iconsb26c.svg]
[C:/Users/강민우/Desktop/test-web-down/choebyeonlawfirm/vendor-cdn.imweb.me/images/icon-check.svg]
[C:/Users/강민우/Desktop/test-web-down/choebyeonlawfirm/vendor-cdn.imweb.me/images/pc_btn_npay.svg]
[C:/Users/강민우/Desktop/test-web-down/choebyeonlawfirm/vendor-cdn.imweb.me/images/pc_btn_talkcheckout.svg]
[C:/Users/강민우/Desktop/test-web-down/choebyeonlawfirm/vendor-cdn.imweb.me/images/m_btn_npay.svg]
[C:/Users/강민우/Desktop/test-web-down/choebyeonlawfirm/vendor-cdn.imweb.me/images/kakao_payment_logo.svg]
[C:/Users/강민우/Desktop/test-web-down/choebyeonlawfirm/vendor-cdn.imweb.me/fonts/im-icon/fonts/im-icon7d84.svg]
[C:/Users/강민우/Desktop/test-web-down/choebyeonlawfirm/vendor-cdn.imweb.me/fonts/phosphor/fonts/psifcdc.svg]
[C:/Users/강민우/Desktop/test-web-down/choebyeonlawfirm/vendor-cdn.imweb.me/fonts/Plipop-Social-Icons232f.svg]
[C:/Users/강민우/Desktop/test-web-down/choebyeonlawfirm/vendor-cdn.imweb.me/fonts/froala-emoji-tap/fonts/froala-emoji-tapbde6.svg]
[C:/Users/강민우/Desktop/test-web-down/choebyeonlawfirm/vendor-cdn.imweb.me/css/pretendard.css]
[C:/Users/강민우/Desktop/test-web-down/choebyeonlawfirm/fonts.googleapis.com/earlyaccess/nanumgothic.css]
[C:/Users/강민우/Desktop/test-web-down/choebyeonlawfirm/vendor-cdn.imweb.me/fonts/fa-brands-400/fa-brands-40076a6.svg]
[C:/Users/강민우/Desktop/test-web-down/choebyeonlawfirm/choebyeonlawfirm.co.kr/logoutb5de.html]
[C:/Users/강민우/Desktop/test-web-down/choebyeonlawfirm/choebyeonlawfirm.co.kr/logout4bf7.html]
[C:/Users/강민우/Desktop/test-web-down/choebyeonlawfirm/choebyeonlawfirm.co.kr/case/indexdd35.html]
[C:/Users/강민우/Desktop/test-web-down/choebyeonlawfirm/choebyeonlawfirm.co.kr/case/index70fa.html]
[C:/Users/강민우/Desktop/test-web-down/choebyeonlawfirm/choebyeonlawfirm.co.kr/case/index69b9.html]
[C:/Users/강민우/Desktop/test-web-down/choebyeonlawfirm/choebyeonlawfirm.co.kr/js/post_view3d23.js]
[C:/Users/강민우/Desktop/test-web-down/choebyeonlawfirm/choebyeonlawfirm.co.kr/logout3ea9.html]
[C:/Users/강민우/Desktop/test-web-down/choebyeonlawfirm/choebyeonlawfirm.co.kr/logout259c.html]
[C:/Users/강민우/Desktop/test-web-down/choebyeonlawfirm/choebyeonlawfirm.co.kr/case-all/indexdd35.html]
[C:/Users/강민우/Desktop/test-web-down/choebyeonlawfirm/choebyeonlawfirm.co.kr/case-all/index70fa.html]
[C:/Users/강민우/Desktop/test-web-down/choebyeonlawfirm/choebyeonlawfirm.co.kr/case-all/index69b9.html]
[C:/Users/강민우/Desktop/test-web-down/choebyeonlawfirm/choebyeonlawfirm.co.kr/case/indexceda.html]
[C:/Users/강민우/Desktop/test-web-down/choebyeonlawfirm/vendor-cdn.imweb.me/css/codemirror6c3e.css]
[C:/Users/강민우/Desktop/test-web-down/choebyeonlawfirm/vendor-cdn.imweb.me/froala_311/css/froala_editor.min9fbd.css]
[C:/Users/강민우/Desktop/test-web-down/choebyeonlawfirm/vendor-cdn.imweb.me/froala_311/css/froala_style.min9fbd.css]
[C:/Users/강민우/Desktop/test-web-down/choebyeonlawfirm/vendor-cdn.imweb.me/froala_311/css/plugins/char_counter.min4e59.css]
[C:/Users/강민우/Desktop/test-web-down/choebyeonlawfirm/vendor-cdn.imweb.me/froala_311/css/plugins/code_view.min4e59.css]
[C:/Users/강민우/Desktop/test-web-down/choebyeonlawfirm/vendor-cdn.imweb.me/froala_311/css/plugins/colors.min4e59.css]
[C:/Users/강민우/Desktop/test-web-down/choebyeonlawfirm/vendor-cdn.imweb.me/froala_311/css/plugins/draggable.min4e59.css]
[C:/Users/강민우/Desktop/test-web-down/choebyeonlawfirm/vendor-cdn.imweb.me/froala_311/css/plugins/emoticons.min9fbd.css]
[C:/Users/강민우/Desktop/test-web-down/choebyeonlawfirm/vendor-cdn.imweb.me/froala_311/css/plugins/file.min2ffa.css]
[C:/Users/강민우/Desktop/test-web-down/choebyeonlawfirm/vendor-cdn.imweb.me/froala_311/css/plugins/fullscreen.min2ffa.css]
[C:/Users/강민우/Desktop/test-web-down/choebyeonlawfirm/vendor-cdn.imweb.me/froala_311/css/plugins/image_manager.min2ffa.css]
[C:/Users/강민우/Desktop/test-web-down/choebyeonlawfirm/vendor-cdn.imweb.me/froala_311/css/plugins/image.min2ffa.css]
[C:/Users/강민우/Desktop/test-web-down/choebyeonlawfirm/vendor-cdn.imweb.me/froala_311/css/plugins/line_breaker.min2ffa.css]
[C:/Users/강민우/Desktop/test-web-down/choebyeonlawfirm/vendor-cdn.imweb.me/froala_311/css/plugins/quick_insert.min2ffa.css]
[C:/Users/강민우/Desktop/test-web-down/choebyeonlawfirm/vendor-cdn.imweb.me/froala_311/css/plugins/table.min2ffa.css]
[C:/Users/강민우/Desktop/test-web-down/choebyeonlawfirm/vendor-cdn.imweb.me/froala_311/css/plugins/video.min2ffa.css]
[C:/Users/강민우/Desktop/test-web-down/choebyeonlawfirm/vendor-cdn.imweb.me/css/froala/custom-theme-v3f460.css]
[C:/Users/강민우/Desktop/test-web-down/choebyeonlawfirm/choebyeonlawfirm.co.kr/logout45b7.html]
[C:/Users/강민우/Desktop/test-web-down/choebyeonlawfirm/choebyeonlawfirm.co.kr/case/indexb36b.html]
[C:/Users/강민우/Desktop/test-web-down/choebyeonlawfirm/choebyeonlawfirm.co.kr/case/index051f.html]
[C:/Users/강민우/Desktop/test-web-down/choebyeonlawfirm/choebyeonlawfirm.co.kr/logout873c.html]
[C:/Users/강민우/Desktop/test-web-down/choebyeonlawfirm/choebyeonlawfirm.co.kr/case/index4056.html]
[C:/Users/강민우/Desktop/test-web-down/choebyeonlawfirm/choebyeonlawfirm.co.kr/case/index043c.html]
[C:/Users/강민우/Desktop/test-web-down/choebyeonlawfirm/choebyeonlawfirm.co.kr/logout144f.html]
[C:/Users/강민우/Desktop/test-web-down/choebyeonlawfirm/choebyeonlawfirm.co.kr/logoutf4cc.html]
[C:/Users/강민우/Desktop/test-web-down/choebyeonlawfirm/choebyeonlawfirm.co.kr/case/index42ed.html]
[C:/Users/강민우/Desktop/test-web-down/choebyeonlawfirm/choebyeonlawfirm.co.kr/case/index9e65.html]
[C:/Users/강민우/Desktop/test-web-down/choebyeonlawfirm/choebyeonlawfirm.co.kr/logout6e9f.html]
[C:/Users/강민우/Desktop/test-web-down/choebyeonlawfirm/choebyeonlawfirm.co.kr/logoutf4f7.html]
[C:/Users/강민우/Desktop/test-web-down/choebyeonlawfirm/choebyeonlawfirm.co.kr/logoutef9c.html]
[C:/Users/강민우/Desktop/test-web-down/choebyeonlawfirm/choebyeonlawfirm.co.kr/logout5398.html]
[C:/Users/강민우/Desktop/test-web-down/choebyeonlawfirm/choebyeonlawfirm.co.kr/logout6cf1.html]
[C:/Users/강민우/Desktop/test-web-down/choebyeonlawfirm/choebyeonlawfirm.co.kr/logoutb3ce.html]
[C:/Users/강민우/Desktop/test-web-down/choebyeonlawfirm/choebyeonlawfirm.co.kr/logout7244.html]
[C:/Users/강민우/Desktop/test-web-down/choebyeonlawfirm/choebyeonlawfirm.co.kr/case-all/index02aa.html]
[C:/Users/강민우/Desktop/test-web-down/choebyeonlawfirm/choebyeonlawfirm.co.kr/logouta493.html]
[C:/Users/강민우/Desktop/test-web-down/choebyeonlawfirm/choebyeonlawfirm.co.kr/case-all/indexb36b.html]
[C:/Users/강민우/Desktop/test-web-down/choebyeonlawfirm/choebyeonlawfirm.co.kr/case-all/index42ed.html]
[C:/Users/강민우/Desktop/test-web-down/choebyeonlawfirm/choebyeonlawfirm.co.kr/case-all/index9e65.html]
[C:/Users/강민우/Desktop/test-web-down/choebyeonlawfirm/choebyeonlawfirm.co.kr/case-all/index5a99.html]
[C:/Users/강민우/Desktop/test-web-down/choebyeonlawfirm/choebyeonlawfirm.co.kr/logoutf21f.html]
[C:/Users/강민우/Desktop/test-web-down/choebyeonlawfirm/choebyeonlawfirm.co.kr/case-all/indexda8f.html]
[C:/Users/강민우/Desktop/test-web-down/choebyeonlawfirm/choebyeonlawfirm.co.kr/logoutead9.html]
[C:/Users/강민우/Desktop/test-web-down/choebyeonlawfirm/choebyeonlawfirm.co.kr/logout31ab.html]
[C:/Users/강민우/Desktop/test-web-down/choebyeonlawfirm/choebyeonlawfirm.co.kr/logoutbff5.html]
[C:/Users/강민우/Desktop/test-web-down/choebyeonlawfirm/choebyeonlawfirm.co.kr/logoutd127.html]
[C:/Users/강민우/Desktop/test-web-down/choebyeonlawfirm/choebyeonlawfirm.co.kr/logoutbe6f.html]
[C:/Users/강민우/Desktop/test-web-down/choebyeonlawfirm/choebyeonlawfirm.co.kr/case/index827c.html]
[C:/Users/강민우/Desktop/test-web-down/choebyeonlawfirm/choebyeonlawfirm.co.kr/case/indexeb29.html]
[C:/Users/강민우/Desktop/test-web-down/choebyeonlawfirm/choebyeonlawfirm.co.kr/case/indexe933.html]
[C:/Users/강민우/Desktop/test-web-down/choebyeonlawfirm/choebyeonlawfirm.co.kr/logout1ce8.html]
[C:/Users/강민우/Desktop/test-web-down/choebyeonlawfirm/choebyeonlawfirm.co.kr/logouta7b6.html]
[C:/Users/강민우/Desktop/test-web-down/choebyeonlawfirm/choebyeonlawfirm.co.kr/case/indexa888.html]
[C:/Users/강민우/Desktop/test-web-down/choebyeonlawfirm/choebyeonlawfirm.co.kr/case/indexabcc.html]
[C:/Users/강민우/Desktop/test-web-down/choebyeonlawfirm/choebyeonlawfirm.co.kr/case/indexba43.html]
[C:/Users/강민우/Desktop/test-web-down/choebyeonlawfirm/choebyeonlawfirm.co.kr/logoutca52.html]
[C:/Users/강민우/Desktop/test-web-down/choebyeonlawfirm/choebyeonlawfirm.co.kr/case/indexe270.html]
[C:/Users/강민우/Desktop/test-web-down/choebyeonlawfirm/choebyeonlawfirm.co.kr/case/index0159.html]
[C:/Users/강민우/Desktop/test-web-down/choebyeonlawfirm/choebyeonlawfirm.co.kr/case/indexcb4e.html]
[C:/Users/강민우/Desktop/test-web-down/choebyeonlawfirm/choebyeonlawfirm.co.kr/logout475e.html]
[C:/Users/강민우/Desktop/test-web-down/choebyeonlawfirm/choebyeonlawfirm.co.kr/logout78ea.html]
[C:/Users/강민우/Desktop/test-web-down/choebyeonlawfirm/choebyeonlawfirm.co.kr/logout5d19.html]
[C:/Users/강민우/Desktop/test-web-down/choebyeonlawfirm/choebyeonlawfirm.co.kr/case-all/indexa888.html]
[C:/Users/강민우/Desktop/test-web-down/choebyeonlawfirm/choebyeonlawfirm.co.kr/case-all/indexabcc.html]
[C:/Users/강민우/Desktop/test-web-down/choebyeonlawfirm/choebyeonlawfirm.co.kr/case-all/indexba43.html]
[C:/Users/강민우/Desktop/test-web-down/choebyeonlawfirm/choebyeonlawfirm.co.kr/logoutbb83.html]
[C:/Users/강민우/Desktop/test-web-down/choebyeonlawfirm/choebyeonlawfirm.co.kr/case-all/indexe270.html]
[C:/Users/강민우/Desktop/test-web-down/choebyeonlawfirm/choebyeonlawfirm.co.kr/case-all/index0159.html]
[C:/Users/강민우/Desktop/test-web-down/choebyeonlawfirm/choebyeonlawfirm.co.kr/case-all/indexcb4e.html]
[C:/Users/강민우/Desktop/test-web-down/choebyeonlawfirm/choebyeonlawfirm.co.kr/logout7688.html]
[C:/Users/강민우/Desktop/test-web-down/choebyeonlawfirm/choebyeonlawfirm.co.kr/logoute74a.html]
[C:/Users/강민우/Desktop/test-web-down/choebyeonlawfirm/choebyeonlawfirm.co.kr/logout413b.html]
[C:/Users/강민우/Desktop/test-web-down/choebyeonlawfirm/choebyeonlawfirm.co.kr/case/indexf23c.html]
[C:/Users/강민우/Desktop/test-web-down/choebyeonlawfirm/choebyeonlawfirm.co.kr/case/index17da.html]
[C:/Users/강민우/Desktop/test-web-down/choebyeonlawfirm/choebyeonlawfirm.co.kr/logout2628.html]
[C:/Users/강민우/Desktop/test-web-down/choebyeonlawfirm/choebyeonlawfirm.co.kr/logout5666.html]
[C:/Users/강민우/Desktop/test-web-down/choebyeonlawfirm/choebyeonlawfirm.co.kr/logout4f57.html]
[C:/Users/강민우/Desktop/test-web-down/choebyeonlawfirm/choebyeonlawfirm.co.kr/case/index4ce7.html]
[C:/Users/강민우/Desktop/test-web-down/choebyeonlawfirm/choebyeonlawfirm.co.kr/case/index6016.html]
[C:/Users/강민우/Desktop/test-web-down/choebyeonlawfirm/choebyeonlawfirm.co.kr/logoutdd76.html]
[C:/Users/강민우/Desktop/test-web-down/choebyeonlawfirm/choebyeonlawfirm.co.kr/case/indexeec1.html]
[C:/Users/강민우/Desktop/test-web-down/choebyeonlawfirm/choebyeonlawfirm.co.kr/case/index9822.html]
[C:/Users/강민우/Desktop/test-web-down/choebyeonlawfirm/choebyeonlawfirm.co.kr/logoutf53c.html]
[C:/Users/강민우/Desktop/test-web-down/choebyeonlawfirm/choebyeonlawfirm.co.kr/logout576b.html]
[C:/Users/강민우/Desktop/test-web-down/choebyeonlawfirm/choebyeonlawfirm.co.kr/case/index8b10.html]
[C:/Users/강민우/Desktop/test-web-down/choebyeonlawfirm/choebyeonlawfirm.co.kr/case/indexcda7.html]
[C:/Users/강민우/Desktop/test-web-down/choebyeonlawfirm/choebyeonlawfirm.co.kr/case/index2e67.html]
[C:/Users/강민우/Desktop/test-web-down/choebyeonlawfirm/choebyeonlawfirm.co.kr/logoutfbaf.html]
[C:/Users/강민우/Desktop/test-web-down/choebyeonlawfirm/choebyeonlawfirm.co.kr/logoutb6a2.html]
